2018-09-19 13:49:30,824 WARN 13160 [-/127.0.0.1/-/98ms GET /news] nodejs.JSONResponseFormatError: Unexpected token < in JSON at position 0 (data json format: "<!DOCTYPE HTML PUBLIC \"-//IETF//DTD HTML 2.0//EN\">\n<html><head>\n<title>302 Found</title>\n</head><body>\n<h1>Found</h1>\n<p>The document has moved <a href=\"http://www.baidu.com/search/error.html\">here</a>.</p>\n</body></html>\n"), GET https://www.baidu.com/topstories.json 302 (connected: true, keepalive socket: false, agent status: {"createSocketCount":1,"createSocketErrorCount":0,"closeSocketCount":0,"errorSocketCount":0,"timeoutSocketCount":0,"requestCount":0,"freeSockets":{},"sockets":{"www.baidu.com:443::::::::::::::::":1},"requests":{}}, socketHandledRequests: 1, socketHandledResponses: 1)
headers: {"cache-control":"max-age=86400","connection":"Keep-Alive","content-length":"222","content-type":"text/html; charset=iso-8859-1","date":"Wed, 19 Sep 2018 05:49:30 GMT","expires":"Thu, 20 Sep 2018 05:49:30 GMT","location":"https://www.baidu.com/search/error.html","server":"Apache"}
headers: {"cache-control":"max-age=86400","connection":"Keep-Alive","content-length":"222","content-type":"text/html; charset=iso-8859-1","date":"Wed, 19 Sep 2018 05:49:30 GMT","expires":"Thu, 20 Sep 2018 05:49:30 GMT","location":"https://www.baidu.com/search/error.html","server":"Apache"}
    at JSON.parse (<anonymous>)
    at parseJSON (/home/duoyi/桌面/egg-my/node_modules/_urllib@2.29.1@urllib/lib/urllib.js:1028:24)
    at /home/duoyi/桌面/egg-my/node_modules/_urllib@2.29.1@urllib/lib/urllib.js:775:23
    at decodeContent (/home/duoyi/桌面/egg-my/node_modules/_urllib@2.29.1@urllib/lib/urllib.js:582:14)
    at IncomingMessage.<anonymous> (/home/duoyi/桌面/egg-my/node_modules/_urllib@2.29.1@urllib/lib/urllib.js:756:7)
    at IncomingMessage.emit (events.js:187:15)
    at endReadableNT (_stream_readable.js:1092:12)
    at process._tickCallback (internal/process/next_tick.js:63:19)
name: "JSONResponseFormatError"
data: "<!DOCTYPE HTML PUBLIC \"-//IETF//DTD HTML 2.0//EN\">\n<html><head>\n<title>302 Found</title>\n</head><body>\n<h1>Found</h1>\n<p>The document has moved <a href=\"http://www.baidu.com/search/error.html\">here</a>.</p>\n</body></html>\n"
path: "/topstories.json?orderBy=%22%24key%22&startAt=%220%22&endAt=%224%22"
status: 302
headers: {"cache-control":"max-age=86400","connection":"Keep-Alive","content-length":"222","content-type":"text/html; charset=iso-8859-1","date":"Wed, 19 Sep 2018 05:49:30 GMT","expires":"Thu, 20 Sep 2018 05:49:30 GMT","location":"https://www.baidu.com/search/error.html","server":"Apache"}
res: {"status":302,"statusCode":302,"headers":{"cache-control":"max-age=86400","connection":"Keep-Alive","content-length":"222","content-type":"text/html; charset=iso-8859-1","date":"Wed, 19 Sep 2018 05:49:30 GMT","expires":"Thu, 20 Sep 2018 05:49:30 GMT","location":"https://www.baidu.com/search/error.html","server":"Apache"},"size":222,"aborted":false,"rt":87,"keepAliveSocket":false,"data":"<!DOCTYPE HTML PUBLIC \"-//IETF//DTD HTML 2.0//EN\">\n<html><head>\n<title>302 Found</title>\n</head><body>\n<h1>Found</h1>\n<p>The document has moved <a href=\"http://www.baidu.com/search/error.html\">here</a>.</p>\n</body></html>\n","requestUrls":["https://www.baidu.com/topstories.json"],"timing":null,"remoteAddress":"14.215.177.38","remotePort":443,"socketHandledRequests":1,"socketHandledResponses":1}
pid: 13160
hostname: duoyi

2019-11-14 17:30:05,760 WARN 16574 [-/127.0.0.1/-/29ms GET /messages] nodejs.UnprocessableEntityError: Validation Failed
    at Object.throw (/home/duoyi/桌面/egg-my/node_modules/_koa@2.11.0@koa/lib/context.js:97:11)
    at Object.validate (/home/duoyi/桌面/egg-my/node_modules/_egg-validate@2.0.2@egg-validate/app/extend/context.js:14:17)
    at MessagesController.getMessages (/home/duoyi/桌面/egg-my/app/controller/messages.js:10:9)
    at Object.callFn (/home/duoyi/桌面/egg-my/node_modules/_egg-core@4.17.3@egg-core/lib/utils/index.js:44:21)
    at Object.classControllerMiddleware (/home/duoyi/桌面/egg-my/node_modules/_egg-core@4.17.3@egg-core/lib/loader/mixin/controller.js:87:20)
    at Object.callFn (/home/duoyi/桌面/egg-my/node_modules/_@eggjs_router@2.0.0@@eggjs/router/lib/utils.js:12:21)
    at wrappedController (/home/duoyi/桌面/egg-my/node_modules/_@eggjs_router@2.0.0@@eggjs/router/lib/egg_router.js:322:18)
    at dispatch (/home/duoyi/桌面/egg-my/node_modules/_koa-compose@3.2.1@koa-compose/index.js:44:32)
    at next (/home/duoyi/桌面/egg-my/node_modules/_koa-compose@3.2.1@koa-compose/index.js:45:18)
    at authCheck (/home/duoyi/桌面/egg-my/app/middleware/auth.js:6:11)
message: "Validation Failed"
code: "invalid_param"
errors: [{"message":"required","field":"id","code":"missing_field"}]
pid: 16574
hostname: duoyi

2019-11-14 17:30:18,257 WARN 16574 [-/127.0.0.1/-/4ms GET /messages?id=1] nodejs.UnprocessableEntityError: Validation Failed
    at Object.throw (/home/duoyi/桌面/egg-my/node_modules/_koa@2.11.0@koa/lib/context.js:97:11)
    at Object.validate (/home/duoyi/桌面/egg-my/node_modules/_egg-validate@2.0.2@egg-validate/app/extend/context.js:14:17)
    at MessagesController.getMessages (/home/duoyi/桌面/egg-my/app/controller/messages.js:10:9)
    at Object.callFn (/home/duoyi/桌面/egg-my/node_modules/_egg-core@4.17.3@egg-core/lib/utils/index.js:44:21)
    at Object.classControllerMiddleware (/home/duoyi/桌面/egg-my/node_modules/_egg-core@4.17.3@egg-core/lib/loader/mixin/controller.js:87:20)
    at Object.callFn (/home/duoyi/桌面/egg-my/node_modules/_@eggjs_router@2.0.0@@eggjs/router/lib/utils.js:12:21)
    at wrappedController (/home/duoyi/桌面/egg-my/node_modules/_@eggjs_router@2.0.0@@eggjs/router/lib/egg_router.js:322:18)
    at dispatch (/home/duoyi/桌面/egg-my/node_modules/_koa-compose@3.2.1@koa-compose/index.js:44:32)
    at next (/home/duoyi/桌面/egg-my/node_modules/_koa-compose@3.2.1@koa-compose/index.js:45:18)
    at authCheck (/home/duoyi/桌面/egg-my/app/middleware/auth.js:6:11)
message: "Validation Failed"
code: "invalid_param"
errors: [{"message":"required","field":"id","code":"missing_field"}]
pid: 16574
hostname: duoyi

2019-11-14 17:33:20,491 ERROR 16670 [-/127.0.0.1/-/12ms GET /messages?id=1] nodejs.TypeError: Cannot read property 'param' of undefined
    at MessagesController.getMessages (/home/duoyi/桌面/egg-my/app/controller/messages.js:12:21)
    at Object.callFn (/home/duoyi/桌面/egg-my/node_modules/_egg-core@4.17.3@egg-core/lib/utils/index.js:44:21)
    at Object.classControllerMiddleware (/home/duoyi/桌面/egg-my/node_modules/_egg-core@4.17.3@egg-core/lib/loader/mixin/controller.js:87:20)
    at Object.callFn (/home/duoyi/桌面/egg-my/node_modules/_@eggjs_router@2.0.0@@eggjs/router/lib/utils.js:12:21)
    at wrappedController (/home/duoyi/桌面/egg-my/node_modules/_@eggjs_router@2.0.0@@eggjs/router/lib/egg_router.js:322:18)
    at dispatch (/home/duoyi/桌面/egg-my/node_modules/_koa-compose@3.2.1@koa-compose/index.js:44:32)
    at next (/home/duoyi/桌面/egg-my/node_modules/_koa-compose@3.2.1@koa-compose/index.js:45:18)
    at authCheck (/home/duoyi/桌面/egg-my/app/middleware/auth.js:6:11)
    at dispatch (/home/duoyi/桌面/egg-my/node_modules/_koa-compose@3.2.1@koa-compose/index.js:44:32)
    at next (/home/duoyi/桌面/egg-my/node_modules/_koa-compose@3.2.1@koa-compose/index.js:45:18)

pid: 16670
hostname: duoyi

2019-11-14 17:33:33,003 ERROR 16692 [-/127.0.0.1/-/13ms GET /messages?id=1] nodejs.TypeError: Cannot read property 'params' of undefined
    at MessagesController.getMessages (/home/duoyi/桌面/egg-my/app/controller/messages.js:12:21)
    at Object.callFn (/home/duoyi/桌面/egg-my/node_modules/_egg-core@4.17.3@egg-core/lib/utils/index.js:44:21)
    at Object.classControllerMiddleware (/home/duoyi/桌面/egg-my/node_modules/_egg-core@4.17.3@egg-core/lib/loader/mixin/controller.js:87:20)
    at Object.callFn (/home/duoyi/桌面/egg-my/node_modules/_@eggjs_router@2.0.0@@eggjs/router/lib/utils.js:12:21)
    at wrappedController (/home/duoyi/桌面/egg-my/node_modules/_@eggjs_router@2.0.0@@eggjs/router/lib/egg_router.js:322:18)
    at dispatch (/home/duoyi/桌面/egg-my/node_modules/_koa-compose@3.2.1@koa-compose/index.js:44:32)
    at next (/home/duoyi/桌面/egg-my/node_modules/_koa-compose@3.2.1@koa-compose/index.js:45:18)
    at authCheck (/home/duoyi/桌面/egg-my/app/middleware/auth.js:6:11)
    at dispatch (/home/duoyi/桌面/egg-my/node_modules/_koa-compose@3.2.1@koa-compose/index.js:44:32)
    at next (/home/duoyi/桌面/egg-my/node_modules/_koa-compose@3.2.1@koa-compose/index.js:45:18)

pid: 16692
hostname: duoyi

2019-11-14 17:33:47,666 ERROR 16704 [-/127.0.0.1/-/18ms GET /messages?id=1] nodejs.TypeError: Cannot read property 'params' of undefined
    at MessagesController.getMessages (/home/duoyi/桌面/egg-my/app/controller/messages.js:10:31)
    at Object.callFn (/home/duoyi/桌面/egg-my/node_modules/_egg-core@4.17.3@egg-core/lib/utils/index.js:44:21)
    at Object.classControllerMiddleware (/home/duoyi/桌面/egg-my/node_modules/_egg-core@4.17.3@egg-core/lib/loader/mixin/controller.js:87:20)
    at Object.callFn (/home/duoyi/桌面/egg-my/node_modules/_@eggjs_router@2.0.0@@eggjs/router/lib/utils.js:12:21)
    at wrappedController (/home/duoyi/桌面/egg-my/node_modules/_@eggjs_router@2.0.0@@eggjs/router/lib/egg_router.js:322:18)
    at dispatch (/home/duoyi/桌面/egg-my/node_modules/_koa-compose@3.2.1@koa-compose/index.js:44:32)
    at next (/home/duoyi/桌面/egg-my/node_modules/_koa-compose@3.2.1@koa-compose/index.js:45:18)
    at authCheck (/home/duoyi/桌面/egg-my/app/middleware/auth.js:6:11)
    at dispatch (/home/duoyi/桌面/egg-my/node_modules/_koa-compose@3.2.1@koa-compose/index.js:44:32)
    at next (/home/duoyi/桌面/egg-my/node_modules/_koa-compose@3.2.1@koa-compose/index.js:45:18)

pid: 16704
hostname: duoyi

2019-11-14 17:34:05,158 ERROR 16716 [-/127.0.0.1/-/14ms GET /messages?id=1] nodejs.TypeError: Cannot read property 'params' of undefined
    at MessagesController.getMessages (/home/duoyi/桌面/egg-my/app/controller/messages.js:14:21)
    at Object.callFn (/home/duoyi/桌面/egg-my/node_modules/_egg-core@4.17.3@egg-core/lib/utils/index.js:44:21)
    at Object.classControllerMiddleware (/home/duoyi/桌面/egg-my/node_modules/_egg-core@4.17.3@egg-core/lib/loader/mixin/controller.js:87:20)
    at Object.callFn (/home/duoyi/桌面/egg-my/node_modules/_@eggjs_router@2.0.0@@eggjs/router/lib/utils.js:12:21)
    at wrappedController (/home/duoyi/桌面/egg-my/node_modules/_@eggjs_router@2.0.0@@eggjs/router/lib/egg_router.js:322:18)
    at dispatch (/home/duoyi/桌面/egg-my/node_modules/_koa-compose@3.2.1@koa-compose/index.js:44:32)
    at next (/home/duoyi/桌面/egg-my/node_modules/_koa-compose@3.2.1@koa-compose/index.js:45:18)
    at authCheck (/home/duoyi/桌面/egg-my/app/middleware/auth.js:6:11)
    at dispatch (/home/duoyi/桌面/egg-my/node_modules/_koa-compose@3.2.1@koa-compose/index.js:44:32)
    at next (/home/duoyi/桌面/egg-my/node_modules/_koa-compose@3.2.1@koa-compose/index.js:45:18)

pid: 16716
hostname: duoyi

2019-11-14 17:34:12,829 ERROR 16730 [-/127.0.0.1/-/15ms GET /messages?id=1] nodejs.TypeError: Cannot read property 'params' of undefined
    at MessagesController.getMessages (/home/duoyi/桌面/egg-my/app/controller/messages.js:14:21)
    at Object.callFn (/home/duoyi/桌面/egg-my/node_modules/_egg-core@4.17.3@egg-core/lib/utils/index.js:44:21)
    at Object.classControllerMiddleware (/home/duoyi/桌面/egg-my/node_modules/_egg-core@4.17.3@egg-core/lib/loader/mixin/controller.js:87:20)
    at Object.callFn (/home/duoyi/桌面/egg-my/node_modules/_@eggjs_router@2.0.0@@eggjs/router/lib/utils.js:12:21)
    at wrappedController (/home/duoyi/桌面/egg-my/node_modules/_@eggjs_router@2.0.0@@eggjs/router/lib/egg_router.js:322:18)
    at dispatch (/home/duoyi/桌面/egg-my/node_modules/_koa-compose@3.2.1@koa-compose/index.js:44:32)
    at next (/home/duoyi/桌面/egg-my/node_modules/_koa-compose@3.2.1@koa-compose/index.js:45:18)
    at authCheck (/home/duoyi/桌面/egg-my/app/middleware/auth.js:6:11)
    at dispatch (/home/duoyi/桌面/egg-my/node_modules/_koa-compose@3.2.1@koa-compose/index.js:44:32)
    at next (/home/duoyi/桌面/egg-my/node_modules/_koa-compose@3.2.1@koa-compose/index.js:45:18)

pid: 16730
hostname: duoyi

2019-11-14 17:34:24,890 ERROR 16743 [-/127.0.0.1/-/11ms GET /messages?id=1] nodejs.TypeError: Cannot read property 'params' of undefined
    at MessagesController.getMessages (/home/duoyi/桌面/egg-my/app/controller/messages.js:14:21)
    at Object.callFn (/home/duoyi/桌面/egg-my/node_modules/_egg-core@4.17.3@egg-core/lib/utils/index.js:44:21)
    at Object.classControllerMiddleware (/home/duoyi/桌面/egg-my/node_modules/_egg-core@4.17.3@egg-core/lib/loader/mixin/controller.js:87:20)
    at Object.callFn (/home/duoyi/桌面/egg-my/node_modules/_@eggjs_router@2.0.0@@eggjs/router/lib/utils.js:12:21)
    at wrappedController (/home/duoyi/桌面/egg-my/node_modules/_@eggjs_router@2.0.0@@eggjs/router/lib/egg_router.js:322:18)
    at dispatch (/home/duoyi/桌面/egg-my/node_modules/_koa-compose@3.2.1@koa-compose/index.js:44:32)
    at next (/home/duoyi/桌面/egg-my/node_modules/_koa-compose@3.2.1@koa-compose/index.js:45:18)
    at authCheck (/home/duoyi/桌面/egg-my/app/middleware/auth.js:6:11)
    at dispatch (/home/duoyi/桌面/egg-my/node_modules/_koa-compose@3.2.1@koa-compose/index.js:44:32)
    at next (/home/duoyi/桌面/egg-my/node_modules/_koa-compose@3.2.1@koa-compose/index.js:45:18)

pid: 16743
hostname: duoyi

2019-11-14 17:34:32,812 ERROR 16758 [-/127.0.0.1/-/18ms GET /messages?id=1] nodejs.TypeError: Cannot read property 'params' of undefined
    at MessagesController.getMessages (/home/duoyi/桌面/egg-my/app/controller/messages.js:14:21)
    at Object.callFn (/home/duoyi/桌面/egg-my/node_modules/_egg-core@4.17.3@egg-core/lib/utils/index.js:44:21)
    at Object.classControllerMiddleware (/home/duoyi/桌面/egg-my/node_modules/_egg-core@4.17.3@egg-core/lib/loader/mixin/controller.js:87:20)
    at Object.callFn (/home/duoyi/桌面/egg-my/node_modules/_@eggjs_router@2.0.0@@eggjs/router/lib/utils.js:12:21)
    at wrappedController (/home/duoyi/桌面/egg-my/node_modules/_@eggjs_router@2.0.0@@eggjs/router/lib/egg_router.js:322:18)
    at dispatch (/home/duoyi/桌面/egg-my/node_modules/_koa-compose@3.2.1@koa-compose/index.js:44:32)
    at next (/home/duoyi/桌面/egg-my/node_modules/_koa-compose@3.2.1@koa-compose/index.js:45:18)
    at authCheck (/home/duoyi/桌面/egg-my/app/middleware/auth.js:6:11)
    at dispatch (/home/duoyi/桌面/egg-my/node_modules/_koa-compose@3.2.1@koa-compose/index.js:44:32)
    at next (/home/duoyi/桌面/egg-my/node_modules/_koa-compose@3.2.1@koa-compose/index.js:45:18)

pid: 16758
hostname: duoyi

2019-11-14 17:35:31,092 WARN 16772 [-/127.0.0.1/-/31ms GET /messages?id=1] nodejs.UnprocessableEntityError: Validation Failed
    at Object.throw (/home/duoyi/桌面/egg-my/node_modules/_koa@2.11.0@koa/lib/context.js:97:11)
    at Object.validate (/home/duoyi/桌面/egg-my/node_modules/_egg-validate@2.0.2@egg-validate/app/extend/context.js:14:17)
    at MessagesController.getMessages (/home/duoyi/桌面/egg-my/app/controller/messages.js:12:9)
    at Object.callFn (/home/duoyi/桌面/egg-my/node_modules/_egg-core@4.17.3@egg-core/lib/utils/index.js:44:21)
    at Object.classControllerMiddleware (/home/duoyi/桌面/egg-my/node_modules/_egg-core@4.17.3@egg-core/lib/loader/mixin/controller.js:87:20)
    at Object.callFn (/home/duoyi/桌面/egg-my/node_modules/_@eggjs_router@2.0.0@@eggjs/router/lib/utils.js:12:21)
    at wrappedController (/home/duoyi/桌面/egg-my/node_modules/_@eggjs_router@2.0.0@@eggjs/router/lib/egg_router.js:322:18)
    at dispatch (/home/duoyi/桌面/egg-my/node_modules/_koa-compose@3.2.1@koa-compose/index.js:44:32)
    at next (/home/duoyi/桌面/egg-my/node_modules/_koa-compose@3.2.1@koa-compose/index.js:45:18)
    at authCheck (/home/duoyi/桌面/egg-my/app/middleware/auth.js:6:11)
message: "Validation Failed"
code: "invalid_param"
errors: [{"message":"required","field":"id","code":"missing_field"}]
pid: 16772
hostname: duoyi

2019-11-14 17:36:08,249 WARN 16793 [-/127.0.0.1/-/8ms GET /messages?id=1] nodejs.UnprocessableEntityError: Validation Failed
    at Object.throw (/home/duoyi/桌面/egg-my/node_modules/_koa@2.11.0@koa/lib/context.js:97:11)
    at Object.validate (/home/duoyi/桌面/egg-my/node_modules/_egg-validate@2.0.2@egg-validate/app/extend/context.js:14:17)
    at MessagesController.getMessages (/home/duoyi/桌面/egg-my/app/controller/messages.js:12:9)
    at Object.callFn (/home/duoyi/桌面/egg-my/node_modules/_egg-core@4.17.3@egg-core/lib/utils/index.js:44:21)
    at Object.classControllerMiddleware (/home/duoyi/桌面/egg-my/node_modules/_egg-core@4.17.3@egg-core/lib/loader/mixin/controller.js:87:20)
    at Object.callFn (/home/duoyi/桌面/egg-my/node_modules/_@eggjs_router@2.0.0@@eggjs/router/lib/utils.js:12:21)
    at wrappedController (/home/duoyi/桌面/egg-my/node_modules/_@eggjs_router@2.0.0@@eggjs/router/lib/egg_router.js:322:18)
    at dispatch (/home/duoyi/桌面/egg-my/node_modules/_koa-compose@3.2.1@koa-compose/index.js:44:32)
    at next (/home/duoyi/桌面/egg-my/node_modules/_koa-compose@3.2.1@koa-compose/index.js:45:18)
    at authCheck (/home/duoyi/桌面/egg-my/app/middleware/auth.js:6:11)
message: "Validation Failed"
code: "invalid_param"
errors: [{"message":"required","field":"id","code":"missing_field"}]
pid: 16793
hostname: duoyi

2019-11-14 17:36:16,176 WARN 16808 [-/127.0.0.1/-/7ms GET /messages?id=1] nodejs.UnprocessableEntityError: Validation Failed
    at Object.throw (/home/duoyi/桌面/egg-my/node_modules/_koa@2.11.0@koa/lib/context.js:97:11)
    at Object.validate (/home/duoyi/桌面/egg-my/node_modules/_egg-validate@2.0.2@egg-validate/app/extend/context.js:14:17)
    at MessagesController.getMessages (/home/duoyi/桌面/egg-my/app/controller/messages.js:12:9)
    at Object.callFn (/home/duoyi/桌面/egg-my/node_modules/_egg-core@4.17.3@egg-core/lib/utils/index.js:44:21)
    at Object.classControllerMiddleware (/home/duoyi/桌面/egg-my/node_modules/_egg-core@4.17.3@egg-core/lib/loader/mixin/controller.js:87:20)
    at Object.callFn (/home/duoyi/桌面/egg-my/node_modules/_@eggjs_router@2.0.0@@eggjs/router/lib/utils.js:12:21)
    at wrappedController (/home/duoyi/桌面/egg-my/node_modules/_@eggjs_router@2.0.0@@eggjs/router/lib/egg_router.js:322:18)
    at dispatch (/home/duoyi/桌面/egg-my/node_modules/_koa-compose@3.2.1@koa-compose/index.js:44:32)
    at next (/home/duoyi/桌面/egg-my/node_modules/_koa-compose@3.2.1@koa-compose/index.js:45:18)
    at authCheck (/home/duoyi/桌面/egg-my/app/middleware/auth.js:6:11)
message: "Validation Failed"
code: "invalid_param"
errors: [{"message":"required","field":"id","code":"missing_field"}]
pid: 16808
hostname: duoyi

2019-11-14 17:37:30,165 WARN 16864 [-/127.0.0.1/-/16ms GET /messages?id=1] nodejs.UnprocessableEntityError: Validation Failed
    at Object.throw (/home/duoyi/桌面/egg-my/node_modules/_koa@2.11.0@koa/lib/context.js:97:11)
    at Object.validate (/home/duoyi/桌面/egg-my/node_modules/_egg-validate@2.0.2@egg-validate/app/extend/context.js:14:17)
    at MessagesController.getMessages (/home/duoyi/桌面/egg-my/app/controller/messages.js:12:9)
    at Object.callFn (/home/duoyi/桌面/egg-my/node_modules/_egg-core@4.17.3@egg-core/lib/utils/index.js:44:21)
    at Object.classControllerMiddleware (/home/duoyi/桌面/egg-my/node_modules/_egg-core@4.17.3@egg-core/lib/loader/mixin/controller.js:87:20)
    at Object.callFn (/home/duoyi/桌面/egg-my/node_modules/_@eggjs_router@2.0.0@@eggjs/router/lib/utils.js:12:21)
    at wrappedController (/home/duoyi/桌面/egg-my/node_modules/_@eggjs_router@2.0.0@@eggjs/router/lib/egg_router.js:322:18)
    at dispatch (/home/duoyi/桌面/egg-my/node_modules/_koa-compose@3.2.1@koa-compose/index.js:44:32)
    at next (/home/duoyi/桌面/egg-my/node_modules/_koa-compose@3.2.1@koa-compose/index.js:45:18)
    at authCheck (/home/duoyi/桌面/egg-my/app/middleware/auth.js:6:11)
message: "Validation Failed"
code: "invalid_param"
errors: [{"message":"should be an integer","code":"invalid","field":"id"}]
pid: 16864
hostname: duoyi

2019-11-14 18:03:33,834 WARN 17255 [-/127.0.0.1/-/14ms GET /messages?id=1] nodejs.UnprocessableEntityError: Validation Failed
    at Object.throw (/home/duoyi/桌面/egg-my/node_modules/_koa@2.11.0@koa/lib/context.js:97:11)
    at Object.validate (/home/duoyi/桌面/egg-my/node_modules/_egg-validate@2.0.2@egg-validate/app/extend/context.js:14:17)
    at MessagesController.getMessages (/home/duoyi/桌面/egg-my/app/controller/messages.js:13:9)
    at Object.callFn (/home/duoyi/桌面/egg-my/node_modules/_egg-core@4.17.3@egg-core/lib/utils/index.js:44:21)
    at Object.classControllerMiddleware (/home/duoyi/桌面/egg-my/node_modules/_egg-core@4.17.3@egg-core/lib/loader/mixin/controller.js:87:20)
    at Object.callFn (/home/duoyi/桌面/egg-my/node_modules/_@eggjs_router@2.0.0@@eggjs/router/lib/utils.js:12:21)
    at wrappedController (/home/duoyi/桌面/egg-my/node_modules/_@eggjs_router@2.0.0@@eggjs/router/lib/egg_router.js:322:18)
    at dispatch (/home/duoyi/桌面/egg-my/node_modules/_koa-compose@3.2.1@koa-compose/index.js:44:32)
    at next (/home/duoyi/桌面/egg-my/node_modules/_koa-compose@3.2.1@koa-compose/index.js:45:18)
    at authCheck (/home/duoyi/桌面/egg-my/app/middleware/auth.js:6:11)
message: "Validation Failed"
code: "invalid_param"
errors: [{"message":"should be an integer","code":"invalid","field":"size"},{"message":"should be an integer","code":"invalid","field":"page"}]
pid: 17255
hostname: duoyi

2019-11-14 18:03:54,825 ERROR 17255 [-/127.0.0.1/-/5ms GET /messages?page=2&size=10] nodejs.TypeError: Cannot read property 'getMessages' of undefined
    at MessagesController.getMessages (/home/duoyi/桌面/egg-my/app/controller/messages.js:20:41)
    at Object.callFn (/home/duoyi/桌面/egg-my/node_modules/_egg-core@4.17.3@egg-core/lib/utils/index.js:44:21)
    at Object.classControllerMiddleware (/home/duoyi/桌面/egg-my/node_modules/_egg-core@4.17.3@egg-core/lib/loader/mixin/controller.js:87:20)
    at Object.callFn (/home/duoyi/桌面/egg-my/node_modules/_@eggjs_router@2.0.0@@eggjs/router/lib/utils.js:12:21)
    at wrappedController (/home/duoyi/桌面/egg-my/node_modules/_@eggjs_router@2.0.0@@eggjs/router/lib/egg_router.js:322:18)
    at dispatch (/home/duoyi/桌面/egg-my/node_modules/_koa-compose@3.2.1@koa-compose/index.js:44:32)
    at next (/home/duoyi/桌面/egg-my/node_modules/_koa-compose@3.2.1@koa-compose/index.js:45:18)
    at authCheck (/home/duoyi/桌面/egg-my/app/middleware/auth.js:6:11)
    at dispatch (/home/duoyi/桌面/egg-my/node_modules/_koa-compose@3.2.1@koa-compose/index.js:44:32)
    at next (/home/duoyi/桌面/egg-my/node_modules/_koa-compose@3.2.1@koa-compose/index.js:45:18)

pid: 17255
hostname: duoyi

2019-11-14 20:57:02,285 ERROR 20788 [-/127.0.0.1/-/0ms GET /] nodejs.SequelizeAccessDeniedError: Access denied for user 'root'@'localhost' (using password: NO)
    at Promise.tap.then.catch.err (/home/duoyi/桌面/egg-my/node_modules/_sequelize@5.21.2@sequelize/lib/dialects/mysql/connection-manager.js:125:19)
    at tryCatcher (/home/duoyi/桌面/egg-my/node_modules/_bluebird@3.7.1@bluebird/js/release/util.js:16:23)
    at Promise._settlePromiseFromHandler (/home/duoyi/桌面/egg-my/node_modules/_bluebird@3.7.1@bluebird/js/release/promise.js:547:31)
    at Promise._settlePromise (/home/duoyi/桌面/egg-my/node_modules/_bluebird@3.7.1@bluebird/js/release/promise.js:604:18)
    at Promise._settlePromise0 (/home/duoyi/桌面/egg-my/node_modules/_bluebird@3.7.1@bluebird/js/release/promise.js:649:10)
    at Promise._settlePromises (/home/duoyi/桌面/egg-my/node_modules/_bluebird@3.7.1@bluebird/js/release/promise.js:725:18)
    at _drainQueueStep (/home/duoyi/桌面/egg-my/node_modules/_bluebird@3.7.1@bluebird/js/release/async.js:93:12)
    at _drainQueue (/home/duoyi/桌面/egg-my/node_modules/_bluebird@3.7.1@bluebird/js/release/async.js:86:9)
    at Async._drainQueues (/home/duoyi/桌面/egg-my/node_modules/_bluebird@3.7.1@bluebird/js/release/async.js:102:5)
    at Immediate.Async.drainQueues [as _onImmediate] (/home/duoyi/桌面/egg-my/node_modules/_bluebird@3.7.1@bluebird/js/release/async.js:15:14)
From previous event:
    at Promise.longStackTracesCaptureStackTrace [as _captureStackTrace] (/home/duoyi/桌面/egg-my/node_modules/_bluebird@3.7.1@bluebird/js/release/debuggability.js:509:19)
    at Function.Promise.attempt.Promise.try (/home/duoyi/桌面/egg-my/node_modules/_bluebird@3.7.1@bluebird/js/release/method.js:29:9)
    at Sequelize.query (/home/duoyi/桌面/egg-my/node_modules/_sequelize@5.21.2@sequelize/lib/sequelize.js:580:23)
    at Sequelize.authenticate (/home/duoyi/桌面/egg-my/node_modules/_sequelize@5.21.2@sequelize/lib/sequelize.js:892:17)
    at authenticate (/home/duoyi/桌面/egg-my/node_modules/_egg-sequelize@5.2.0@egg-sequelize/lib/loader.js:134:22)
    at Promise.all.databases.map.database (/home/duoyi/桌面/egg-my/node_modules/_egg-sequelize@5.2.0@egg-sequelize/lib/loader.js:40:49)
    at Array.map (<anonymous>)
    at app.beforeStart (/home/duoyi/桌面/egg-my/node_modules/_egg-sequelize@5.2.0@egg-sequelize/lib/loader.js:40:33)
    at Object.callFn (/home/duoyi/桌面/egg-my/node_modules/_egg-core@4.17.3@egg-core/lib/utils/index.js:44:42)
    at process.nextTick (/home/duoyi/桌面/egg-my/node_modules/_egg-core@4.17.3@egg-core/lib/lifecycle.js:262:13)
    at process._tickCallback (internal/process/next_tick.js:61:11)
    at Function.Module.runMain (internal/modules/cjs/loader.js:745:11)
    at startup (internal/bootstrap/node.js:279:19)
    at bootstrapNodeJSCore (internal/bootstrap/node.js:696:3)
name: "SequelizeAccessDeniedError"
parent: {"code":"ER_ACCESS_DENIED_ERROR","errno":1045,"sqlState":"28000","sqlMessage":"Access denied for user 'root'@'localhost' (using password: NO)"}
original: {"code":"ER_ACCESS_DENIED_ERROR","errno":1045,"sqlState":"28000","sqlMessage":"Access denied for user 'root'@'localhost' (using password: NO)"}
pid: 20788
hostname: duoyi

2019-11-14 20:57:03,205 ERROR 20806 [-/127.0.0.1/-/0ms GET /] nodejs.SequelizeAccessDeniedError: Access denied for user 'root'@'localhost' (using password: NO)
    at Promise.tap.then.catch.err (/home/duoyi/桌面/egg-my/node_modules/_sequelize@5.21.2@sequelize/lib/dialects/mysql/connection-manager.js:125:19)
    at tryCatcher (/home/duoyi/桌面/egg-my/node_modules/_bluebird@3.7.1@bluebird/js/release/util.js:16:23)
    at Promise._settlePromiseFromHandler (/home/duoyi/桌面/egg-my/node_modules/_bluebird@3.7.1@bluebird/js/release/promise.js:547:31)
    at Promise._settlePromise (/home/duoyi/桌面/egg-my/node_modules/_bluebird@3.7.1@bluebird/js/release/promise.js:604:18)
    at Promise._settlePromise0 (/home/duoyi/桌面/egg-my/node_modules/_bluebird@3.7.1@bluebird/js/release/promise.js:649:10)
    at Promise._settlePromises (/home/duoyi/桌面/egg-my/node_modules/_bluebird@3.7.1@bluebird/js/release/promise.js:725:18)
    at _drainQueueStep (/home/duoyi/桌面/egg-my/node_modules/_bluebird@3.7.1@bluebird/js/release/async.js:93:12)
    at _drainQueue (/home/duoyi/桌面/egg-my/node_modules/_bluebird@3.7.1@bluebird/js/release/async.js:86:9)
    at Async._drainQueues (/home/duoyi/桌面/egg-my/node_modules/_bluebird@3.7.1@bluebird/js/release/async.js:102:5)
    at Immediate.Async.drainQueues [as _onImmediate] (/home/duoyi/桌面/egg-my/node_modules/_bluebird@3.7.1@bluebird/js/release/async.js:15:14)
From previous event:
    at Promise.longStackTracesCaptureStackTrace [as _captureStackTrace] (/home/duoyi/桌面/egg-my/node_modules/_bluebird@3.7.1@bluebird/js/release/debuggability.js:509:19)
    at Function.Promise.attempt.Promise.try (/home/duoyi/桌面/egg-my/node_modules/_bluebird@3.7.1@bluebird/js/release/method.js:29:9)
    at Sequelize.query (/home/duoyi/桌面/egg-my/node_modules/_sequelize@5.21.2@sequelize/lib/sequelize.js:580:23)
    at Sequelize.authenticate (/home/duoyi/桌面/egg-my/node_modules/_sequelize@5.21.2@sequelize/lib/sequelize.js:892:17)
    at authenticate (/home/duoyi/桌面/egg-my/node_modules/_egg-sequelize@5.2.0@egg-sequelize/lib/loader.js:134:22)
    at Promise.all.databases.map.database (/home/duoyi/桌面/egg-my/node_modules/_egg-sequelize@5.2.0@egg-sequelize/lib/loader.js:40:49)
    at Array.map (<anonymous>)
    at app.beforeStart (/home/duoyi/桌面/egg-my/node_modules/_egg-sequelize@5.2.0@egg-sequelize/lib/loader.js:40:33)
    at Object.callFn (/home/duoyi/桌面/egg-my/node_modules/_egg-core@4.17.3@egg-core/lib/utils/index.js:44:42)
    at process.nextTick (/home/duoyi/桌面/egg-my/node_modules/_egg-core@4.17.3@egg-core/lib/lifecycle.js:262:13)
    at process._tickCallback (internal/process/next_tick.js:61:11)
    at Function.Module.runMain (internal/modules/cjs/loader.js:745:11)
    at startup (internal/bootstrap/node.js:279:19)
    at bootstrapNodeJSCore (internal/bootstrap/node.js:696:3)
name: "SequelizeAccessDeniedError"
parent: {"code":"ER_ACCESS_DENIED_ERROR","errno":1045,"sqlState":"28000","sqlMessage":"Access denied for user 'root'@'localhost' (using password: NO)"}
original: {"code":"ER_ACCESS_DENIED_ERROR","errno":1045,"sqlState":"28000","sqlMessage":"Access denied for user 'root'@'localhost' (using password: NO)"}
pid: 20806
hostname: duoyi

2019-11-14 20:57:34,215 ERROR 20822 [-/127.0.0.1/-/1ms GET /] nodejs.SequelizeAccessDeniedError: Access denied for user 'root'@'localhost' (using password: NO)
    at Promise.tap.then.catch.err (/home/duoyi/桌面/egg-my/node_modules/_sequelize@5.21.2@sequelize/lib/dialects/mysql/connection-manager.js:125:19)
    at tryCatcher (/home/duoyi/桌面/egg-my/node_modules/_bluebird@3.7.1@bluebird/js/release/util.js:16:23)
    at Promise._settlePromiseFromHandler (/home/duoyi/桌面/egg-my/node_modules/_bluebird@3.7.1@bluebird/js/release/promise.js:547:31)
    at Promise._settlePromise (/home/duoyi/桌面/egg-my/node_modules/_bluebird@3.7.1@bluebird/js/release/promise.js:604:18)
    at Promise._settlePromise0 (/home/duoyi/桌面/egg-my/node_modules/_bluebird@3.7.1@bluebird/js/release/promise.js:649:10)
    at Promise._settlePromises (/home/duoyi/桌面/egg-my/node_modules/_bluebird@3.7.1@bluebird/js/release/promise.js:725:18)
    at _drainQueueStep (/home/duoyi/桌面/egg-my/node_modules/_bluebird@3.7.1@bluebird/js/release/async.js:93:12)
    at _drainQueue (/home/duoyi/桌面/egg-my/node_modules/_bluebird@3.7.1@bluebird/js/release/async.js:86:9)
    at Async._drainQueues (/home/duoyi/桌面/egg-my/node_modules/_bluebird@3.7.1@bluebird/js/release/async.js:102:5)
    at Immediate.Async.drainQueues [as _onImmediate] (/home/duoyi/桌面/egg-my/node_modules/_bluebird@3.7.1@bluebird/js/release/async.js:15:14)
From previous event:
    at Promise.longStackTracesCaptureStackTrace [as _captureStackTrace] (/home/duoyi/桌面/egg-my/node_modules/_bluebird@3.7.1@bluebird/js/release/debuggability.js:509:19)
    at Function.Promise.attempt.Promise.try (/home/duoyi/桌面/egg-my/node_modules/_bluebird@3.7.1@bluebird/js/release/method.js:29:9)
    at Sequelize.query (/home/duoyi/桌面/egg-my/node_modules/_sequelize@5.21.2@sequelize/lib/sequelize.js:580:23)
    at Sequelize.authenticate (/home/duoyi/桌面/egg-my/node_modules/_sequelize@5.21.2@sequelize/lib/sequelize.js:892:17)
    at authenticate (/home/duoyi/桌面/egg-my/node_modules/_egg-sequelize@5.2.0@egg-sequelize/lib/loader.js:134:22)
    at Promise.all.databases.map.database (/home/duoyi/桌面/egg-my/node_modules/_egg-sequelize@5.2.0@egg-sequelize/lib/loader.js:40:49)
    at Array.map (<anonymous>)
    at app.beforeStart (/home/duoyi/桌面/egg-my/node_modules/_egg-sequelize@5.2.0@egg-sequelize/lib/loader.js:40:33)
    at Object.callFn (/home/duoyi/桌面/egg-my/node_modules/_egg-core@4.17.3@egg-core/lib/utils/index.js:44:42)
    at process.nextTick (/home/duoyi/桌面/egg-my/node_modules/_egg-core@4.17.3@egg-core/lib/lifecycle.js:262:13)
    at process._tickCallback (internal/process/next_tick.js:61:11)
    at Function.Module.runMain (internal/modules/cjs/loader.js:745:11)
    at startup (internal/bootstrap/node.js:279:19)
    at bootstrapNodeJSCore (internal/bootstrap/node.js:696:3)
name: "SequelizeAccessDeniedError"
parent: {"code":"ER_ACCESS_DENIED_ERROR","errno":1045,"sqlState":"28000","sqlMessage":"Access denied for user 'root'@'localhost' (using password: NO)"}
original: {"code":"ER_ACCESS_DENIED_ERROR","errno":1045,"sqlState":"28000","sqlMessage":"Access denied for user 'root'@'localhost' (using password: NO)"}
pid: 20822
hostname: duoyi

